[debug] [2021-10-09T16:02:14.561Z] ----------------------------------------------------------------------
[debug] [2021-10-09T16:02:14.569Z] Command:       C:\Program Files\nodejs\node.exe C:\Users\lenovo\AppData\Roaming\npm\node_modules\firebase-tools\lib\bin\firebase.js deploy
[debug] [2021-10-09T16:02:14.571Z] CLI Version:   9.20.0
[debug] [2021-10-09T16:02:14.571Z] Platform:      win32
[debug] [2021-10-09T16:02:14.572Z] Node Version:  v14.15.0
[debug] [2021-10-09T16:02:14.575Z] Time:          Sat Oct 09 2021 22:02:14 GMT+0600 (Bangladesh Standard Time)
[debug] [2021-10-09T16:02:14.576Z] ----------------------------------------------------------------------
[debug] 
[debug] [2021-10-09T16:02:14.827Z] > command requires scopes: ["email","openid","https://www.googleapis.com/auth/cloudplatformprojects.readonly","https://www.googleapis.com/auth/firebase","https://www.googleapis.com/auth/cloud-platform"]
[debug] [2021-10-09T16:02:14.828Z] > authorizing via signed-in user (razualam1996@gmail.com)
[debug] [2021-10-09T16:02:14.829Z] [iam] checking project smart-fluidtech for permissions ["firebase.projects.get","firebasehosting.sites.update"]
[debug] [2021-10-09T16:02:14.837Z] > refreshing access token with scopes: ["email","https://www.googleapis.com/auth/cloud-platform","https://www.googleapis.com/auth/cloudplatformprojects.readonly","https://www.googleapis.com/auth/firebase","openid"]
[debug] [2021-10-09T16:02:14.839Z] >>> HTTP REQUEST POST https://www.googleapis.com/oauth2/v3/token  
 <request body omitted>
[debug] [2021-10-09T16:02:15.214Z] <<< HTTP RESPONSE 200 {"date":"Sat, 09 Oct 2021 16:02:16 GMT","pragma":"no-cache","expires":"Mon, 01 Jan 1990 00:00:00 GMT","cache-control":"no-cache, no-store, max-age=0, must-revalidate","content-type":"application/json; charset=utf-8","vary":"X-Origin, Referer, Origin,Accept-Encoding","server":"scaffolding on HTTPServer2","x-xss-protection":"0","x-frame-options":"SAMEORIGIN","x-content-type-options":"nosniff","alt-svc":"h3=\":443\"; ma=2592000,h3-29=\":443\"; ma=2592000,h3-T051=\":443\"; ma=2592000,h3-Q050=\":443\"; ma=2592000,h3-Q046=\":443\"; ma=2592000,h3-Q043=\":443\"; ma=2592000,quic=\":443\"; ma=2592000; v=\"46,43\"","accept-ranges":"none","transfer-encoding":"chunked"}
[debug] [2021-10-09T16:02:15.294Z] >>> HTTP REQUEST POST https://cloudresourcemanager.googleapis.com/v1/projects/smart-fluidtech:testIamPermissions  
 {"permissions":["firebase.projects.get","firebasehosting.sites.update"]}
[debug] [2021-10-09T16:02:16.503Z] <<< HTTP RESPONSE 200 {"content-type":"application/json; charset=UTF-8","vary":"X-Origin, Referer, Origin,Accept-Encoding","date":"Sat, 09 Oct 2021 16:02:17 GMT","server":"ESF","cache-control":"private","x-xss-protection":"0","x-frame-options":"SAMEORIGIN","x-content-type-options":"nosniff","server-timing":"gfet4t7; dur=959","alt-svc":"h3=\":443\"; ma=2592000,h3-29=\":443\"; ma=2592000,h3-T051=\":443\"; ma=2592000,h3-Q050=\":443\"; ma=2592000,h3-Q046=\":443\"; ma=2592000,h3-Q043=\":443\"; ma=2592000,quic=\":443\"; ma=2592000; v=\"46,43\"","accept-ranges":"none","transfer-encoding":"chunked"}
[debug] [2021-10-09T16:02:16.509Z] > refreshing access token with scopes: []
[debug] [2021-10-09T16:02:16.510Z] >>> HTTP REQUEST POST https://www.googleapis.com/oauth2/v3/token  
 <request body omitted>
[debug] [2021-10-09T16:02:16.716Z] <<< HTTP RESPONSE 200 {"pragma":"no-cache","date":"Sat, 09 Oct 2021 16:02:17 GMT","expires":"Mon, 01 Jan 1990 00:00:00 GMT","cache-control":"no-cache, no-store, max-age=0, must-revalidate","content-type":"application/json; charset=utf-8","vary":"X-Origin, Referer, Origin,Accept-Encoding","server":"scaffolding on HTTPServer2","x-xss-protection":"0","x-frame-options":"SAMEORIGIN","x-content-type-options":"nosniff","alt-svc":"h3=\":443\"; ma=2592000,h3-29=\":443\"; ma=2592000,h3-T051=\":443\"; ma=2592000,h3-Q050=\":443\"; ma=2592000,h3-Q046=\":443\"; ma=2592000,h3-Q043=\":443\"; ma=2592000,quic=\":443\"; ma=2592000; v=\"46,43\"","accept-ranges":"none","transfer-encoding":"chunked"}
[debug] [2021-10-09T16:02:16.805Z] >>> [apiv2][query] GET https://firebase.googleapis.com/v1beta1/projects/smart-fluidtech [none]
[debug] [2021-10-09T16:02:17.580Z] <<< [apiv2][status] GET https://firebase.googleapis.com/v1beta1/projects/smart-fluidtech 200
[debug] [2021-10-09T16:02:17.582Z] <<< [apiv2][body] GET https://firebase.googleapis.com/v1beta1/projects/smart-fluidtech {"projectId":"smart-fluidtech","projectNumber":"824928420821","displayName":"smart-fluidtech","name":"projects/smart-fluidtech","resources":{"hostingSite":"smart-fluidtech"},"state":"ACTIVE"}
[info] 
[info] === Deploying to 'smart-fluidtech'...
[info] 
[info] i  deploying hosting 
[debug] [2021-10-09T16:02:17.623Z] > refreshing access token with scopes: ["email","https://www.googleapis.com/auth/cloud-platform","https://www.googleapis.com/auth/cloudplatformprojects.readonly","https://www.googleapis.com/auth/firebase","openid"]
[debug] [2021-10-09T16:02:17.625Z] >>> HTTP REQUEST POST https://www.googleapis.com/oauth2/v3/token  
 <request body omitted>
[debug] [2021-10-09T16:02:17.831Z] <<< HTTP RESPONSE 200 {"cache-control":"no-cache, no-store, max-age=0, must-revalidate","expires":"Mon, 01 Jan 1990 00:00:00 GMT","date":"Sat, 09 Oct 2021 16:02:18 GMT","pragma":"no-cache","content-type":"application/json; charset=utf-8","vary":"X-Origin, Referer, Origin,Accept-Encoding","server":"scaffolding on HTTPServer2","x-xss-protection":"0","x-frame-options":"SAMEORIGIN","x-content-type-options":"nosniff","alt-svc":"h3=\":443\"; ma=2592000,h3-29=\":443\"; ma=2592000,h3-T051=\":443\"; ma=2592000,h3-Q050=\":443\"; ma=2592000,h3-Q046=\":443\"; ma=2592000,h3-Q043=\":443\"; ma=2592000,quic=\":443\"; ma=2592000; v=\"46,43\"","accept-ranges":"none","transfer-encoding":"chunked"}
[debug] [2021-10-09T16:02:17.980Z] >>> HTTP REQUEST POST https://firebasehosting.googleapis.com/v1beta1/sites/smart-fluidtech/versions  
 {"config":{"rewrites":[{"glob":"**","path":"/index.html"}]},"labels":{"deployment-tool":"cli-firebase"}}
[debug] [2021-10-09T16:02:19.671Z] <<< HTTP RESPONSE 200 {"content-type":"application/json; charset=UTF-8","vary":"X-Origin, Referer, Origin,Accept-Encoding","date":"Sat, 09 Oct 2021 16:02:20 GMT","server":"ESF","cache-control":"private","x-xss-protection":"0","x-frame-options":"SAMEORIGIN","x-content-type-options":"nosniff","alt-svc":"h3=\":443\"; ma=2592000,h3-29=\":443\"; ma=2592000,h3-T051=\":443\"; ma=2592000,h3-Q050=\":443\"; ma=2592000,h3-Q046=\":443\"; ma=2592000,h3-Q043=\":443\"; ma=2592000,quic=\":443\"; ma=2592000; v=\"46,43\"","accept-ranges":"none","transfer-encoding":"chunked"}
[info] i  hosting[smart-fluidtech]: beginning deploy... 
[info] i  hosting[smart-fluidtech]: found 21 files in build 
[debug] [2021-10-09T16:02:19.794Z] > refreshing access token with scopes: []
[debug] [2021-10-09T16:02:19.795Z] >>> HTTP REQUEST POST https://www.googleapis.com/oauth2/v3/token  
 <request body omitted>
[debug] [2021-10-09T16:02:19.803Z] [hosting] hash cache [YnVpbGQ] stored for 21 files
[debug] [2021-10-09T16:02:19.804Z] [hosting][hash queue][FINAL] {"max":9,"min":1,"avg":1,"active":0,"complete":21,"success":21,"errored":0,"retried":0,"total":21,"elapsed":27}
[debug] [2021-10-09T16:02:20.005Z] <<< HTTP RESPONSE 200 {"date":"Sat, 09 Oct 2021 16:02:20 GMT","pragma":"no-cache","cache-control":"no-cache, no-store, max-age=0, must-revalidate","expires":"Mon, 01 Jan 1990 00:00:00 GMT","content-type":"application/json; charset=utf-8","vary":"X-Origin, Referer, Origin,Accept-Encoding","server":"scaffolding on HTTPServer2","x-xss-protection":"0","x-frame-options":"SAMEORIGIN","x-content-type-options":"nosniff","alt-svc":"h3=\":443\"; ma=2592000,h3-29=\":443\"; ma=2592000,h3-T051=\":443\"; ma=2592000,h3-Q050=\":443\"; ma=2592000,h3-Q046=\":443\"; ma=2592000,h3-Q043=\":443\"; ma=2592000,quic=\":443\"; ma=2592000; v=\"46,43\"","accept-ranges":"none","transfer-encoding":"chunked"}
[debug] [2021-10-09T16:02:20.155Z] >>> [apiv2][query] POST https://firebasehosting.googleapis.com/v1beta1/sites/smart-fluidtech/versions/400f91b7a299ef72:populateFiles [none]
[debug] [2021-10-09T16:02:20.156Z] >>> [apiv2][body] POST https://firebasehosting.googleapis.com/v1beta1/sites/smart-fluidtech/versions/400f91b7a299ef72:populateFiles {"files":{"/404.html":"daa499dd96d8229e73235345702ba32f0793f0c8e5c0d30e40e37a5872be57aa","/asset-manifest.json":"4b68d8213981189a5c092859ab1688218f263ecfef178cbc474c5be9b3b9a74a","/favicon.ico":"eae62e993eb980ec8a25058c39d5a51feab118bd2100c4deebb2a9c158ec11f9","/index.html":"08b29bf03b42749991b88d1e864a7749404de09baa38e607675bc5fdece8eb33","/logo192.png":"3ee59515172ee198f3be375979df15ac5345183e656720a381b8872b2a39dc8b","/logo512.png":"ee7e2f3fdb8209c4b6fd7bef6ba50d1b9dba30a25bb5c3126df057e1cb6f5331","/manifest.json":"aff3449bdc238776f5d6d967f19ec491b36aed5fb7f23ccff6500736fd58494a","/robots.txt":"bfe106a3fb878dc83461c86818bf74fc1bdc7f28538ba613cd3e775516ce8b49","/static/css/2.818011ed.chunk.css":"1caea47612efde71fc6ab1693149a137ef2fa9c6239ccb37f6a00d748c01002a","/static/css/2.818011ed.chunk.css.map":"6d206dce2aa18e1b3f4e469e97eb57f71e669f4b9928cec7523c66212794ea56","/static/css/main.c5320077.chunk.css":"e464f7ee042b0c322d922ad244c92b8805bc736a6a30520ffc5c6eba38223b80","/static/css/main.c5320077.chunk.css.map":"bd076e9c040c2b8d95dab5bf5701e3c9796faa70981166fe7134d125580f90bd","/static/js/2.ad1b2dac.chunk.js":"65b591e6a2028e2d2f8ae35d97dde5e848020ff03c468e75c11bfb9d059d195d","/static/js/2.ad1b2dac.chunk.js.LICENSE.txt":"14379d32e51128d79d929db7da9774387d1a49ff08173f3af65c77bb4a98621d","/static/js/2.ad1b2dac.chunk.js.map":"effc5328a46da073e1c8f95df66d417ccae0aa50d747ab3016d80fae2aeb7ab9","/static/js/3.53cdde83.chunk.js":"29cdfd3d9b2549aae8ddfb3cca5d9905ab419f18f1579153684df6a43538a15c","/static/js/3.53cdde83.chunk.js.map":"54cf79c3df6ba4446e0eb94384cf5836a1be4c507b630b936ff741cab032cf5c","/static/js/main.387dc830.chunk.js":"01001b214549f3d80d52fcb564b1550c8fb4ad539d88c09826c24a597897af28","/static/js/main.387dc830.chunk.js.map":"e11a59c08156e333dd68a794707e481bf065a120c3bdc4c7b3d37558f145290a","/static/js/runtime-main.050cccd4.js":"5d4180e4662021ea291fbb7a148bdfbb651aed563a7d3de5a0e0ff8d666f43c3","/static/js/runtime-main.050cccd4.js.map":"eb6f85ac913fc6b4e5dce0616a9826f6ce8502529da5f13844572725ed3a14f8"}}
[debug] [2021-10-09T16:02:21.698Z] <<< [apiv2][status] POST https://firebasehosting.googleapis.com/v1beta1/sites/smart-fluidtech/versions/400f91b7a299ef72:populateFiles 200
[debug] [2021-10-09T16:02:21.699Z] <<< [apiv2][body] POST https://firebasehosting.googleapis.com/v1beta1/sites/smart-fluidtech/versions/400f91b7a299ef72:populateFiles {"uploadRequiredHashes":["effc5328a46da073e1c8f95df66d417ccae0aa50d747ab3016d80fae2aeb7ab9","65b591e6a2028e2d2f8ae35d97dde5e848020ff03c468e75c11bfb9d059d195d"],"uploadUrl":"https://upload-firebasehosting.googleapis.com/upload/sites/smart-fluidtech/versions/400f91b7a299ef72/files"}
[debug] [2021-10-09T16:02:21.710Z] >>> [apiv2][query] POST https://upload-firebasehosting.googleapis.com/upload/sites/smart-fluidtech/versions/400f91b7a299ef72/files/effc5328a46da073e1c8f95df66d417ccae0aa50d747ab3016d80fae2aeb7ab9 [none]
[debug] [2021-10-09T16:02:21.711Z] >>> [apiv2][body] POST https://upload-firebasehosting.googleapis.com/upload/sites/smart-fluidtech/versions/400f91b7a299ef72/files/effc5328a46da073e1c8f95df66d417ccae0aa50d747ab3016d80fae2aeb7ab9 [stream]
[debug] [2021-10-09T16:02:21.719Z] >>> [apiv2][query] POST https://upload-firebasehosting.googleapis.com/upload/sites/smart-fluidtech/versions/400f91b7a299ef72/files/65b591e6a2028e2d2f8ae35d97dde5e848020ff03c468e75c11bfb9d059d195d [none]
[debug] [2021-10-09T16:02:21.719Z] >>> [apiv2][body] POST https://upload-firebasehosting.googleapis.com/upload/sites/smart-fluidtech/versions/400f91b7a299ef72/files/65b591e6a2028e2d2f8ae35d97dde5e848020ff03c468e75c11bfb9d059d195d [stream]
[debug] [2021-10-09T16:02:21.728Z] [hosting][populate queue][FINAL] {"max":1922,"min":1922,"avg":1922,"active":0,"complete":1,"success":1,"errored":0,"retried":0,"total":1,"elapsed":1941}
[debug] [2021-10-09T16:02:21.729Z] [hosting] uploads queued: 2
[debug] [2021-10-09T16:02:41.324Z] [uploadQueue] Retrying task effc5328a46da073e1c8f95df66d417ccae0aa50d747ab3016d80fae2aeb7ab9
[debug] [2021-10-09T16:02:41.327Z] >>> [apiv2][query] POST https://upload-firebasehosting.googleapis.com/upload/sites/smart-fluidtech/versions/400f91b7a299ef72/files/effc5328a46da073e1c8f95df66d417ccae0aa50d747ab3016d80fae2aeb7ab9 [none]
[debug] [2021-10-09T16:02:41.328Z] >>> [apiv2][body] POST https://upload-firebasehosting.googleapis.com/upload/sites/smart-fluidtech/versions/400f91b7a299ef72/files/effc5328a46da073e1c8f95df66d417ccae0aa50d747ab3016d80fae2aeb7ab9 [stream]
[debug] [2021-10-09T16:02:41.343Z] [uploadQueue] Retrying task 65b591e6a2028e2d2f8ae35d97dde5e848020ff03c468e75c11bfb9d059d195d
[debug] [2021-10-09T16:02:41.344Z] >>> [apiv2][query] POST https://upload-firebasehosting.googleapis.com/upload/sites/smart-fluidtech/versions/400f91b7a299ef72/files/65b591e6a2028e2d2f8ae35d97dde5e848020ff03c468e75c11bfb9d059d195d [none]
[debug] [2021-10-09T16:02:41.345Z] >>> [apiv2][body] POST https://upload-firebasehosting.googleapis.com/upload/sites/smart-fluidtech/versions/400f91b7a299ef72/files/65b591e6a2028e2d2f8ae35d97dde5e848020ff03c468e75c11bfb9d059d195d [stream]
